running egg_info
creating ../../build/locus_basics/locus_basics.egg-info
writing ../../build/locus_basics/locus_basics.egg-info/PKG-INFO
writing dependency_links to ../../build/locus_basics/locus_basics.egg-info/dependency_links.txt
writing entry points to ../../build/locus_basics/locus_basics.egg-info/entry_points.txt
writing requirements to ../../build/locus_basics/locus_basics.egg-info/requires.txt
writing top-level names to ../../build/locus_basics/locus_basics.egg-info/top_level.txt
writing manifest file '../../build/locus_basics/locus_basics.egg-info/SOURCES.txt'
reading manifest file '../../build/locus_basics/locus_basics.egg-info/SOURCES.txt'
writing manifest file '../../build/locus_basics/locus_basics.egg-info/SOURCES.txt'
running build
running build_py
creating /home/phoenix/ros_projects/LOCUS/build/locus_basics/build
creating /home/phoenix/ros_projects/LOCUS/build/locus_basics/build/lib
creating /home/phoenix/ros_projects/LOCUS/build/locus_basics/build/lib/locus_basics
copying locus_basics/velocity_publisher.py -> /home/phoenix/ros_projects/LOCUS/build/locus_basics/build/lib/locus_basics
copying locus_basics/velocity_subscriber.py -> /home/phoenix/ros_projects/LOCUS/build/locus_basics/build/lib/locus_basics
copying locus_basics/__init__.py -> /home/phoenix/ros_projects/LOCUS/build/locus_basics/build/lib/locus_basics
running install
running install_lib
creating /home/phoenix/ros_projects/LOCUS/install/locus_basics/lib/python3.12/site-packages/locus_basics
copying /home/phoenix/ros_projects/LOCUS/build/locus_basics/build/lib/locus_basics/velocity_publisher.py -> /home/phoenix/ros_projects/LOCUS/install/locus_basics/lib/python3.12/site-packages/locus_basics
copying /home/phoenix/ros_projects/LOCUS/build/locus_basics/build/lib/locus_basics/velocity_subscriber.py -> /home/phoenix/ros_projects/LOCUS/install/locus_basics/lib/python3.12/site-packages/locus_basics
copying /home/phoenix/ros_projects/LOCUS/build/locus_basics/build/lib/locus_basics/__init__.py -> /home/phoenix/ros_projects/LOCUS/install/locus_basics/lib/python3.12/site-packages/locus_basics
byte-compiling /home/phoenix/ros_projects/LOCUS/install/locus_basics/lib/python3.12/site-packages/locus_basics/velocity_publisher.py to velocity_publisher.cpython-312.pyc
byte-compiling /home/phoenix/ros_projects/LOCUS/install/locus_basics/lib/python3.12/site-packages/locus_basics/velocity_subscriber.py to velocity_subscriber.cpython-312.pyc
byte-compiling /home/phoenix/ros_projects/LOCUS/install/locus_basics/lib/python3.12/site-packages/locus_basics/__init__.py to __init__.cpython-312.pyc
running install_data
creating /home/phoenix/ros_projects/LOCUS/install/locus_basics/share/ament_index
creating /home/phoenix/ros_projects/LOCUS/install/locus_basics/share/ament_index/resource_index
creating /home/phoenix/ros_projects/LOCUS/install/locus_basics/share/ament_index/resource_index/packages
copying resource/locus_basics -> /home/phoenix/ros_projects/LOCUS/install/locus_basics/share/ament_index/resource_index/packages
copying package.xml -> /home/phoenix/ros_projects/LOCUS/install/locus_basics/share/locus_basics
running install_egg_info
Copying ../../build/locus_basics/locus_basics.egg-info to /home/phoenix/ros_projects/LOCUS/install/locus_basics/lib/python3.12/site-packages/locus_basics-0.0.0-py3.12.egg-info
running install_scripts
Installing velocity_publisher script to /home/phoenix/ros_projects/LOCUS/install/locus_basics/lib/locus_basics
Installing velocity_subscriber script to /home/phoenix/ros_projects/LOCUS/install/locus_basics/lib/locus_basics
writing list of installed files to '/home/phoenix/ros_projects/LOCUS/build/locus_basics/install.log'
