[0.658s] Invoking command in '/home/phoenix/ros_projects/LOCUS/src/locus_basics': DEBUGINFOD_URLS=https://debuginfod.ubuntu.com PYTHONPATH=/home/phoenix/ros_projects/LOCUS/build/locus_basics/prefix_override:/usr/lib/python3/dist-packages/colcon_core/task/python/colcon_distutils_commands:/home/phoenix/ros_projects/LOCUS/install/locus_basics/lib/python3.12/site-packages:${PYTHONPATH} /usr/bin/python3 -W ignore:setup.py install is deprecated -W ignore:easy_install command is deprecated setup.py egg_info --egg-base ../../build/locus_basics build --build-base /home/phoenix/ros_projects/LOCUS/build/locus_basics/build install --record /home/phoenix/ros_projects/LOCUS/build/locus_basics/install.log --single-version-externally-managed install_data
[0.833s] running egg_info
[0.833s] creating ../../build/locus_basics/locus_basics.egg-info
[0.845s] writing ../../build/locus_basics/locus_basics.egg-info/PKG-INFO
[0.846s] writing dependency_links to ../../build/locus_basics/locus_basics.egg-info/dependency_links.txt
[0.846s] writing entry points to ../../build/locus_basics/locus_basics.egg-info/entry_points.txt
[0.846s] writing requirements to ../../build/locus_basics/locus_basics.egg-info/requires.txt
[0.846s] writing top-level names to ../../build/locus_basics/locus_basics.egg-info/top_level.txt
[0.846s] writing manifest file '../../build/locus_basics/locus_basics.egg-info/SOURCES.txt'
[0.872s] reading manifest file '../../build/locus_basics/locus_basics.egg-info/SOURCES.txt'
[0.872s] writing manifest file '../../build/locus_basics/locus_basics.egg-info/SOURCES.txt'
[0.872s] running build
[0.872s] running build_py
[0.873s] creating /home/phoenix/ros_projects/LOCUS/build/locus_basics/build
[0.873s] creating /home/phoenix/ros_projects/LOCUS/build/locus_basics/build/lib
[0.873s] creating /home/phoenix/ros_projects/LOCUS/build/locus_basics/build/lib/locus_basics
[0.873s] copying locus_basics/velocity_publisher.py -> /home/phoenix/ros_projects/LOCUS/build/locus_basics/build/lib/locus_basics
[0.873s] copying locus_basics/velocity_subscriber.py -> /home/phoenix/ros_projects/LOCUS/build/locus_basics/build/lib/locus_basics
[0.873s] copying locus_basics/__init__.py -> /home/phoenix/ros_projects/LOCUS/build/locus_basics/build/lib/locus_basics
[0.873s] running install
[0.877s] running install_lib
[0.890s] creating /home/phoenix/ros_projects/LOCUS/install/locus_basics/lib/python3.12/site-packages/locus_basics
[0.890s] copying /home/phoenix/ros_projects/LOCUS/build/locus_basics/build/lib/locus_basics/velocity_publisher.py -> /home/phoenix/ros_projects/LOCUS/install/locus_basics/lib/python3.12/site-packages/locus_basics
[0.890s] copying /home/phoenix/ros_projects/LOCUS/build/locus_basics/build/lib/locus_basics/velocity_subscriber.py -> /home/phoenix/ros_projects/LOCUS/install/locus_basics/lib/python3.12/site-packages/locus_basics
[0.891s] copying /home/phoenix/ros_projects/LOCUS/build/locus_basics/build/lib/locus_basics/__init__.py -> /home/phoenix/ros_projects/LOCUS/install/locus_basics/lib/python3.12/site-packages/locus_basics
[0.891s] byte-compiling /home/phoenix/ros_projects/LOCUS/install/locus_basics/lib/python3.12/site-packages/locus_basics/velocity_publisher.py to velocity_publisher.cpython-312.pyc
[0.891s] byte-compiling /home/phoenix/ros_projects/LOCUS/install/locus_basics/lib/python3.12/site-packages/locus_basics/velocity_subscriber.py to velocity_subscriber.cpython-312.pyc
[0.891s] byte-compiling /home/phoenix/ros_projects/LOCUS/install/locus_basics/lib/python3.12/site-packages/locus_basics/__init__.py to __init__.cpython-312.pyc
[0.891s] running install_data
[0.891s] creating /home/phoenix/ros_projects/LOCUS/install/locus_basics/share/ament_index
[0.892s] creating /home/phoenix/ros_projects/LOCUS/install/locus_basics/share/ament_index/resource_index
[0.892s] creating /home/phoenix/ros_projects/LOCUS/install/locus_basics/share/ament_index/resource_index/packages
[0.892s] copying resource/locus_basics -> /home/phoenix/ros_projects/LOCUS/install/locus_basics/share/ament_index/resource_index/packages
[0.892s] copying package.xml -> /home/phoenix/ros_projects/LOCUS/install/locus_basics/share/locus_basics
[0.892s] running install_egg_info
[0.906s] Copying ../../build/locus_basics/locus_basics.egg-info to /home/phoenix/ros_projects/LOCUS/install/locus_basics/lib/python3.12/site-packages/locus_basics-0.0.0-py3.12.egg-info
[0.906s] running install_scripts
[0.995s] Installing velocity_publisher script to /home/phoenix/ros_projects/LOCUS/install/locus_basics/lib/locus_basics
[0.995s] Installing velocity_subscriber script to /home/phoenix/ros_projects/LOCUS/install/locus_basics/lib/locus_basics
[0.995s] writing list of installed files to '/home/phoenix/ros_projects/LOCUS/build/locus_basics/install.log'
[1.013s] Invoked command in '/home/phoenix/ros_projects/LOCUS/src/locus_basics' returned '0': DEBUGINFOD_URLS=https://debuginfod.ubuntu.com PYTHONPATH=/home/phoenix/ros_projects/LOCUS/build/locus_basics/prefix_override:/usr/lib/python3/dist-packages/colcon_core/task/python/colcon_distutils_commands:/home/phoenix/ros_projects/LOCUS/install/locus_basics/lib/python3.12/site-packages:${PYTHONPATH} /usr/bin/python3 -W ignore:setup.py install is deprecated -W ignore:easy_install command is deprecated setup.py egg_info --egg-base ../../build/locus_basics build --build-base /home/phoenix/ros_projects/LOCUS/build/locus_basics/build install --record /home/phoenix/ros_projects/LOCUS/build/locus_basics/install.log --single-version-externally-managed install_data
