[0.107s] DEBUG:colcon:Command line arguments: ['/usr/bin/colcon', 'build']
[0.108s] DEBUG:colcon:Parsed command line arguments: Namespace(log_base=None, log_level=None, verb_name='build', build_base='build', install_base='install', merge_install=False, symlink_install=False, test_result_base=None, continue_on_error=False, executor='parallel', parallel_workers=16, event_handlers=None, ignore_user_meta=False, metas=['./colcon.meta'], base_paths=['.'], packages_ignore=None, packages_ignore_regex=None, paths=None, packages_up_to=None, packages_up_to_regex=None, packages_above=None, packages_above_and_dependencies=None, packages_above_depth=None, packages_select_by_dep=None, packages_skip_by_dep=None, packages_skip_up_to=None, packages_select_build_failed=False, packages_skip_build_finished=False, packages_select_test_failures=False, packages_skip_test_passed=False, packages_select=None, packages_skip=None, packages_select_regex=None, packages_skip_regex=None, packages_start=None, packages_end=None, allow_overriding=[], cmake_args=None, cmake_target=None, cmake_target_skip_unavailable=False, cmake_clean_cache=False, cmake_clean_first=False, cmake_force_configure=False, ament_cmake_args=None, catkin_cmake_args=None, catkin_skip_building_tests=False, mixin_files=None, mixin=None, verb_parser=<colcon_mixin.mixin.mixin_argument.MixinArgumentDecorator object at 0x7ec2f037bf80>, verb_extension=<colcon_core.verb.build.BuildVerb object at 0x7ec2f037bc50>, main=<bound method BuildVerb.main of <colcon_core.verb.build.BuildVerb object at 0x7ec2f037bc50>>, mixin_verb=('build',))
[0.147s] Level 1:colcon.colcon_core.package_discovery:discover_packages(colcon_meta) check parameters
[0.147s] Level 1:colcon.colcon_core.package_discovery:discover_packages(recursive) check parameters
[0.147s] Level 1:colcon.colcon_core.package_discovery:discover_packages(ignore) check parameters
[0.147s] Level 1:colcon.colcon_core.package_discovery:discover_packages(path) check parameters
[0.148s] Level 1:colcon.colcon_core.package_discovery:discover_packages(colcon_meta) discover
[0.148s] Level 1:colcon.colcon_core.package_discovery:discover_packages(recursive) discover
[0.148s] INFO:colcon.colcon_core.package_discovery:Crawling recursively for packages in '/home/phoenix/ros_projects/LOCUS'
[0.148s] Level 1:colcon.colcon_core.package_identification:_identify(.) by extensions ['ignore', 'ignore_ament_install']
[0.148s] Level 1:colcon.colcon_core.package_identification:_identify(.) by extension 'ignore'
[0.148s] Level 1:colcon.colcon_core.package_identification:_identify(.) by extension 'ignore_ament_install'
[0.148s] Level 1:colcon.colcon_core.package_identification:_identify(.) by extensions ['colcon_pkg']
[0.148s] Level 1:colcon.colcon_core.package_identification:_identify(.) by extension 'colcon_pkg'
[0.148s] Level 1:colcon.colcon_core.package_identification:_identify(.) by extensions ['colcon_meta']
[0.148s] Level 1:colcon.colcon_core.package_identification:_identify(.) by extension 'colcon_meta'
[0.148s] Level 1:colcon.colcon_core.package_identification:_identify(.) by extensions ['ros']
[0.148s] Level 1:colcon.colcon_core.package_identification:_identify(.) by extension 'ros'
[0.173s] Level 1:colcon.colcon_core.package_identification:_identify(.) by extensions ['cmake', 'python']
[0.173s] Level 1:colcon.colcon_core.package_identification:_identify(.) by extension 'cmake'
[0.173s] Level 1:colcon.colcon_core.package_identification:_identify(.) by extension 'python'
[0.173s] Level 1:colcon.colcon_core.package_identification:_identify(.) by extensions ['python_setup_py']
[0.173s] Level 1:colcon.colcon_core.package_identification:_identify(.) by extension 'python_setup_py'
[0.173s] Level 1:colcon.colcon_core.package_identification:_identify(build) by extensions ['ignore', 'ignore_ament_install']
[0.173s] Level 1:colcon.colcon_core.package_identification:_identify(build) by extension 'ignore'
[0.173s] Level 1:colcon.colcon_core.package_identification:_identify(build) ignored
[0.174s] Level 1:colcon.colcon_core.package_identification:_identify(install) by extensions ['ignore', 'ignore_ament_install']
[0.174s] Level 1:colcon.colcon_core.package_identification:_identify(install) by extension 'ignore'
[0.174s] Level 1:colcon.colcon_core.package_identification:_identify(install) ignored
[0.174s] Level 1:colcon.colcon_core.package_identification:_identify(log) by extensions ['ignore', 'ignore_ament_install']
[0.174s] Level 1:colcon.colcon_core.package_identification:_identify(log) by extension 'ignore'
[0.174s] Level 1:colcon.colcon_core.package_identification:_identify(log) ignored
[0.174s] Level 1:colcon.colcon_core.package_identification:_identify(src) by extensions ['ignore', 'ignore_ament_install']
[0.174s] Level 1:colcon.colcon_core.package_identification:_identify(src) by extension 'ignore'
[0.174s] Level 1:colcon.colcon_core.package_identification:_identify(src) by extension 'ignore_ament_install'
[0.174s] Level 1:colcon.colcon_core.package_identification:_identify(src) by extensions ['colcon_pkg']
[0.174s] Level 1:colcon.colcon_core.package_identification:_identify(src) by extension 'colcon_pkg'
[0.174s] Level 1:colcon.colcon_core.package_identification:_identify(src) by extensions ['colcon_meta']
[0.174s] Level 1:colcon.colcon_core.package_identification:_identify(src) by extension 'colcon_meta'
[0.174s] Level 1:colcon.colcon_core.package_identification:_identify(src) by extensions ['ros']
[0.174s] Level 1:colcon.colcon_core.package_identification:_identify(src) by extension 'ros'
[0.174s] Level 1:colcon.colcon_core.package_identification:_identify(src) by extensions ['cmake', 'python']
[0.174s] Level 1:colcon.colcon_core.package_identification:_identify(src) by extension 'cmake'
[0.175s] Level 1:colcon.colcon_core.package_identification:_identify(src) by extension 'python'
[0.175s] Level 1:colcon.colcon_core.package_identification:_identify(src) by extensions ['python_setup_py']
[0.175s] Level 1:colcon.colcon_core.package_identification:_identify(src) by extension 'python_setup_py'
[0.175s] Level 1:colcon.colcon_core.package_identification:_identify(src/locus_basics) by extensions ['ignore', 'ignore_ament_install']
[0.175s] Level 1:colcon.colcon_core.package_identification:_identify(src/locus_basics) by extension 'ignore'
[0.175s] Level 1:colcon.colcon_core.package_identification:_identify(src/locus_basics) by extension 'ignore_ament_install'
[0.175s] Level 1:colcon.colcon_core.package_identification:_identify(src/locus_basics) by extensions ['colcon_pkg']
[0.175s] Level 1:colcon.colcon_core.package_identification:_identify(src/locus_basics) by extension 'colcon_pkg'
[0.175s] Level 1:colcon.colcon_core.package_identification:_identify(src/locus_basics) by extensions ['colcon_meta']
[0.175s] Level 1:colcon.colcon_core.package_identification:_identify(src/locus_basics) by extension 'colcon_meta'
[0.175s] Level 1:colcon.colcon_core.package_identification:_identify(src/locus_basics) by extensions ['ros']
[0.175s] Level 1:colcon.colcon_core.package_identification:_identify(src/locus_basics) by extension 'ros'
[0.204s] DEBUG:colcon.colcon_core.package_identification:Package 'src/locus_basics' with type 'ros.ament_python' and name 'locus_basics'
[0.204s] Level 1:colcon.colcon_core.package_discovery:discover_packages(recursive) using defaults
[0.204s] Level 1:colcon.colcon_core.package_discovery:discover_packages(ignore) discover
[0.204s] Level 1:colcon.colcon_core.package_discovery:discover_packages(ignore) using defaults
[0.204s] Level 1:colcon.colcon_core.package_discovery:discover_packages(path) discover
[0.204s] Level 1:colcon.colcon_core.package_discovery:discover_packages(path) using defaults
[0.222s] Level 1:colcon.colcon_core.package_discovery:discover_packages(prefix_path) check parameters
[0.222s] Level 1:colcon.colcon_core.package_discovery:discover_packages(prefix_path) discover
[0.224s] DEBUG:colcon.colcon_installed_package_information.package_discovery:Found 0 installed packages in /home/phoenix/ros_projects/LOCUS/install
[0.225s] DEBUG:colcon.colcon_installed_package_information.package_discovery:Found 287 installed packages in /opt/ros/jazzy
[0.227s] Level 1:colcon.colcon_core.package_discovery:discover_packages(prefix_path) using defaults
[0.268s] Level 5:colcon.colcon_core.verb:set package 'locus_basics' build argument 'cmake_args' from command line to 'None'
[0.268s] Level 5:colcon.colcon_core.verb:set package 'locus_basics' build argument 'cmake_target' from command line to 'None'
[0.268s] Level 5:colcon.colcon_core.verb:set package 'locus_basics' build argument 'cmake_target_skip_unavailable' from command line to 'False'
[0.268s] Level 5:colcon.colcon_core.verb:set package 'locus_basics' build argument 'cmake_clean_cache' from command line to 'False'
[0.268s] Level 5:colcon.colcon_core.verb:set package 'locus_basics' build argument 'cmake_clean_first' from command line to 'False'
[0.268s] Level 5:colcon.colcon_core.verb:set package 'locus_basics' build argument 'cmake_force_configure' from command line to 'False'
[0.268s] Level 5:colcon.colcon_core.verb:set package 'locus_basics' build argument 'ament_cmake_args' from command line to 'None'
[0.268s] Level 5:colcon.colcon_core.verb:set package 'locus_basics' build argument 'catkin_cmake_args' from command line to 'None'
[0.268s] Level 5:colcon.colcon_core.verb:set package 'locus_basics' build argument 'catkin_skip_building_tests' from command line to 'False'
[0.268s] DEBUG:colcon.colcon_core.verb:Building package 'locus_basics' with the following arguments: {'ament_cmake_args': None, 'build_base': '/home/phoenix/ros_projects/LOCUS/build/locus_basics', 'catkin_cmake_args': None, 'catkin_skip_building_tests': False, 'cmake_args': None, 'cmake_clean_cache': False, 'cmake_clean_first': False, 'cmake_force_configure': False, 'cmake_target': None, 'cmake_target_skip_unavailable': False, 'install_base': '/home/phoenix/ros_projects/LOCUS/install/locus_basics', 'merge_install': False, 'path': '/home/phoenix/ros_projects/LOCUS/src/locus_basics', 'symlink_install': False, 'test_result_base': None}
[0.269s] INFO:colcon.colcon_core.executor:Executing jobs using 'parallel' executor
[0.270s] DEBUG:colcon.colcon_parallel_executor.executor.parallel:run_until_complete
[0.270s] INFO:colcon.colcon_ros.task.ament_python.build:Building ROS package in '/home/phoenix/ros_projects/LOCUS/src/locus_basics' with build type 'ament_python'
[0.270s] Level 1:colcon.colcon_core.shell:create_environment_hook('locus_basics', 'ament_prefix_path')
[0.272s] INFO:colcon.colcon_core.plugin_system:Skipping extension 'colcon_core.shell.bat': Not used on non-Windows systems
[0.272s] INFO:colcon.colcon_core.shell:Creating environment hook '/home/phoenix/ros_projects/LOCUS/install/locus_basics/share/locus_basics/hook/ament_prefix_path.ps1'
[0.273s] INFO:colcon.colcon_core.shell:Creating environment descriptor '/home/phoenix/ros_projects/LOCUS/install/locus_basics/share/locus_basics/hook/ament_prefix_path.dsv'
[0.274s] INFO:colcon.colcon_core.shell:Creating environment hook '/home/phoenix/ros_projects/LOCUS/install/locus_basics/share/locus_basics/hook/ament_prefix_path.sh'
[0.274s] INFO:colcon.colcon_core.shell:Skip shell extension 'powershell' for command environment: Not usable outside of PowerShell
[0.274s] DEBUG:colcon.colcon_core.shell:Skip shell extension 'dsv' for command environment
[0.494s] INFO:colcon.colcon_core.task.python.build:Building Python package in '/home/phoenix/ros_projects/LOCUS/src/locus_basics'
[0.494s] INFO:colcon.colcon_core.shell:Skip shell extension 'powershell' for command environment: Not usable outside of PowerShell
[0.494s] DEBUG:colcon.colcon_core.shell:Skip shell extension 'dsv' for command environment
[0.928s] DEBUG:colcon.colcon_core.event_handler.log_command:Invoking command in '/home/phoenix/ros_projects/LOCUS/src/locus_basics': DEBUGINFOD_URLS=https://debuginfod.ubuntu.com PYTHONPATH=/home/phoenix/ros_projects/LOCUS/build/locus_basics/prefix_override:/usr/lib/python3/dist-packages/colcon_core/task/python/colcon_distutils_commands:/home/phoenix/ros_projects/LOCUS/install/locus_basics/lib/python3.12/site-packages:${PYTHONPATH} /usr/bin/python3 -W ignore:setup.py install is deprecated -W ignore:easy_install command is deprecated setup.py egg_info --egg-base ../../build/locus_basics build --build-base /home/phoenix/ros_projects/LOCUS/build/locus_basics/build install --record /home/phoenix/ros_projects/LOCUS/build/locus_basics/install.log --single-version-externally-managed install_data
[1.284s] DEBUG:colcon.colcon_core.event_handler.log_command:Invoked command in '/home/phoenix/ros_projects/LOCUS/src/locus_basics' returned '0': DEBUGINFOD_URLS=https://debuginfod.ubuntu.com PYTHONPATH=/home/phoenix/ros_projects/LOCUS/build/locus_basics/prefix_override:/usr/lib/python3/dist-packages/colcon_core/task/python/colcon_distutils_commands:/home/phoenix/ros_projects/LOCUS/install/locus_basics/lib/python3.12/site-packages:${PYTHONPATH} /usr/bin/python3 -W ignore:setup.py install is deprecated -W ignore:easy_install command is deprecated setup.py egg_info --egg-base ../../build/locus_basics build --build-base /home/phoenix/ros_projects/LOCUS/build/locus_basics/build install --record /home/phoenix/ros_projects/LOCUS/build/locus_basics/install.log --single-version-externally-managed install_data
[1.285s] Level 1:colcon.colcon_core.environment:checking '/home/phoenix/ros_projects/LOCUS/install/locus_basics' for CMake module files
[1.285s] Level 1:colcon.colcon_core.environment:checking '/home/phoenix/ros_projects/LOCUS/install/locus_basics' for CMake config files
[1.286s] Level 1:colcon.colcon_core.environment:checking '/home/phoenix/ros_projects/LOCUS/install/locus_basics/lib'
[1.286s] Level 1:colcon.colcon_core.environment:checking '/home/phoenix/ros_projects/LOCUS/install/locus_basics/bin'
[1.286s] Level 1:colcon.colcon_core.environment:checking '/home/phoenix/ros_projects/LOCUS/install/locus_basics/lib/pkgconfig/locus_basics.pc'
[1.286s] Level 1:colcon.colcon_core.environment:checking '/home/phoenix/ros_projects/LOCUS/install/locus_basics/lib/python3.12/site-packages'
[1.286s] Level 1:colcon.colcon_core.shell:create_environment_hook('locus_basics', 'pythonpath')
[1.286s] INFO:colcon.colcon_core.shell:Creating environment hook '/home/phoenix/ros_projects/LOCUS/install/locus_basics/share/locus_basics/hook/pythonpath.ps1'
[1.286s] INFO:colcon.colcon_core.shell:Creating environment descriptor '/home/phoenix/ros_projects/LOCUS/install/locus_basics/share/locus_basics/hook/pythonpath.dsv'
[1.287s] INFO:colcon.colcon_core.shell:Creating environment hook '/home/phoenix/ros_projects/LOCUS/install/locus_basics/share/locus_basics/hook/pythonpath.sh'
[1.287s] Level 1:colcon.colcon_core.environment:checking '/home/phoenix/ros_projects/LOCUS/install/locus_basics/bin'
[1.287s] Level 1:colcon.colcon_core.environment:create_environment_scripts_only(locus_basics)
[1.287s] INFO:colcon.colcon_core.shell:Creating package script '/home/phoenix/ros_projects/LOCUS/install/locus_basics/share/locus_basics/package.ps1'
[1.288s] INFO:colcon.colcon_core.shell:Creating package descriptor '/home/phoenix/ros_projects/LOCUS/install/locus_basics/share/locus_basics/package.dsv'
[1.288s] INFO:colcon.colcon_core.shell:Creating package script '/home/phoenix/ros_projects/LOCUS/install/locus_basics/share/locus_basics/package.sh'
[1.289s] INFO:colcon.colcon_core.shell:Creating package script '/home/phoenix/ros_projects/LOCUS/install/locus_basics/share/locus_basics/package.bash'
[1.289s] INFO:colcon.colcon_core.shell:Creating package script '/home/phoenix/ros_projects/LOCUS/install/locus_basics/share/locus_basics/package.zsh'
[1.289s] Level 1:colcon.colcon_core.environment:create_file_with_runtime_dependencies(/home/phoenix/ros_projects/LOCUS/install/locus_basics/share/colcon-core/packages/locus_basics)
[1.290s] DEBUG:colcon.colcon_parallel_executor.executor.parallel:closing loop
[1.290s] DEBUG:colcon.colcon_parallel_executor.executor.parallel:loop closed
[1.290s] DEBUG:colcon.colcon_parallel_executor.executor.parallel:run_until_complete finished with '0'
[1.290s] DEBUG:colcon.colcon_core.event_reactor:joining thread
[1.295s] INFO:colcon.colcon_core.plugin_system:Skipping extension 'colcon_notification.desktop_notification.terminal_notifier': Not used on non-Darwin systems
[1.295s] INFO:colcon.colcon_core.plugin_system:Skipping extension 'colcon_notification.desktop_notification.win32': Not used on non-Windows systems
[1.295s] INFO:colcon.colcon_notification.desktop_notification:Sending desktop notification using 'notify2'
[1.304s] DEBUG:colcon.colcon_core.event_reactor:joined thread
[1.304s] INFO:colcon.colcon_core.shell:Creating prefix script '/home/phoenix/ros_projects/LOCUS/install/local_setup.ps1'
[1.305s] INFO:colcon.colcon_core.shell:Creating prefix util module '/home/phoenix/ros_projects/LOCUS/install/_local_setup_util_ps1.py'
[1.306s] INFO:colcon.colcon_core.shell:Creating prefix chain script '/home/phoenix/ros_projects/LOCUS/install/setup.ps1'
[1.306s] INFO:colcon.colcon_core.shell:Creating prefix script '/home/phoenix/ros_projects/LOCUS/install/local_setup.sh'
[1.307s] INFO:colcon.colcon_core.shell:Creating prefix util module '/home/phoenix/ros_projects/LOCUS/install/_local_setup_util_sh.py'
[1.307s] INFO:colcon.colcon_core.shell:Creating prefix chain script '/home/phoenix/ros_projects/LOCUS/install/setup.sh'
[1.307s] INFO:colcon.colcon_core.shell:Creating prefix script '/home/phoenix/ros_projects/LOCUS/install/local_setup.bash'
[1.308s] INFO:colcon.colcon_core.shell:Creating prefix chain script '/home/phoenix/ros_projects/LOCUS/install/setup.bash'
[1.308s] INFO:colcon.colcon_core.shell:Creating prefix script '/home/phoenix/ros_projects/LOCUS/install/local_setup.zsh'
[1.308s] INFO:colcon.colcon_core.shell:Creating prefix chain script '/home/phoenix/ros_projects/LOCUS/install/setup.zsh'
